j:\面向对象程序设计\monstergame\monstergameserver\debug\vc140.pdb
j:\面向对象程序设计\monstergame\monstergameserver\debug\vc140.idb
j:\面向对象程序设计\monstergame\monstergameserver\debug\mainserver.obj
j:\面向对象程序设计\monstergame\monstergameserver\debug\monster.obj
j:\面向对象程序设计\monstergame\monstergameserver\debug\player.obj
j:\面向对象程序设计\monstergame\monstergameserver\debug\msgsocket.obj
j:\面向对象程序设计\monstergame\monstergameserver\debug\sqlite3.obj
j:\面向对象程序设计\monstergame\monstergameserver\debug\protocol.obj
j:\面向对象程序设计\monstergame\monstergameserver\debug\database.obj
j:\面向对象程序设计\monstergame\monstergameserver\debug\msgsocketserver.obj
j:\面向对象程序设计\monstergame\monstergameserver\debug\protocolserver.obj
j:\面向对象程序设计\monstergame\monstergameserver\debug\driver.obj
j:\面向对象程序设计\monstergame\debug\monstergameserver.ilk
j:\面向对象程序设计\monstergame\debug\monstergameserver.exe
j:\面向对象程序设计\monstergame\debug\monstergameserver.pdb
j:\面向对象程序设计\monstergame\monstergameserver\debug\database.obj.enc
j:\面向对象程序设计\monstergame\monstergameserver\debug\player.obj.enc
j:\面向对象程序设计\monstergame\monstergameserver\debug\monsterg.d80e5379.tlog\cl.command.1.tlog
j:\面向对象程序设计\monstergame\monstergameserver\debug\monsterg.d80e5379.tlog\cl.read.1.tlog
j:\面向对象程序设计\monstergame\monstergameserver\debug\monsterg.d80e5379.tlog\cl.write.1.tlog
j:\面向对象程序设计\monstergame\monstergameserver\debug\monsterg.d80e5379.tlog\link.command.1.tlog
j:\面向对象程序设计\monstergame\monstergameserver\debug\monsterg.d80e5379.tlog\link.read.1.tlog
j:\面向对象程序设计\monstergame\monstergameserver\debug\monsterg.d80e5379.tlog\link.write.1.tlog
